<?xml version="1.0" encoding="UTF-8"?>
<robot generator="Rebot 7.0.1 (Python 3.12.10 on win32)" generated="2025-07-18T19:06:27.057725" rpa="false" schemaversion="5">
<suite id="s1" name="testSuites" source="C:\Users\MathijesiJohnbritto\PycharmProjects\demo\DIA\day05\testSuites">
<suite id="s1-s1" name="Search1" source="C:\Users\MathijesiJohnbritto\PycharmProjects\demo\DIA\day05\testSuites\search1.robot">
<test id="s1-s1-t1" name="Verify user is able to search bus" line="8">
<kw name="Launch Browser" owner="homepage_keywords" type="SETUP">
<kw name="Open Browser" owner="SeleniumLibrary">
<msg time="2025-07-18T19:05:52.341013" level="INFO">Opening browser 'chrome' to base url 'https://www.abhibus.com'.</msg>
<arg>${url}</arg>
<arg>${browser}</arg>
<doc>Opens a new browser instance to the optional ``url``.</doc>
<status status="PASS" start="2025-07-18T19:05:52.341013" elapsed="6.912801"/>
</kw>
<kw name="Maximize Browser Window" owner="SeleniumLibrary">
<doc>Maximizes current browser window.</doc>
<status status="PASS" start="2025-07-18T19:05:59.255833" elapsed="1.069153"/>
</kw>
<status status="PASS" start="2025-07-18T19:05:52.339988" elapsed="7.984998"/>
</kw>
<kw name="Enter the source" owner="homepage_keywords">
<kw name="Wait Until Element Is Visible" owner="SeleniumLibrary">
<arg>${leave_from}</arg>
<doc>Waits until the element ``locator`` is visible.</doc>
<status status="PASS" start="2025-07-18T19:06:00.326999" elapsed="0.562334"/>
</kw>
<kw name="Click Element" owner="SeleniumLibrary">
<msg time="2025-07-18T19:06:00.891370" level="INFO">Clicking element '//input[@placeholder='Leaving From']'.</msg>
<arg>${leave_from}</arg>
<doc>Click the element identified by ``locator``.</doc>
<status status="PASS" start="2025-07-18T19:06:00.889333" elapsed="0.408704"/>
</kw>
<kw name="Input Text" owner="SeleniumLibrary">
<msg time="2025-07-18T19:06:01.298037" level="INFO">Typing text 'Tirunelveli' into text field '//input[@placeholder='Leaving From']'.</msg>
<arg>${leave_from}</arg>
<arg>${source_city}</arg>
<doc>Types the given ``text`` into the text field identified by ``locator``.</doc>
<status status="PASS" start="2025-07-18T19:06:01.298037" elapsed="0.608019"/>
</kw>
<kw name="Wait Until Element Is Visible" owner="SeleniumLibrary">
<arg>${enter_source}</arg>
<arg>${timeout}</arg>
<doc>Waits until the element ``locator`` is visible.</doc>
<status status="PASS" start="2025-07-18T19:06:01.908095" elapsed="1.345918"/>
</kw>
<kw name="Click Element" owner="SeleniumLibrary">
<msg time="2025-07-18T19:06:03.256034" level="INFO">Clicking element '//*[text()= 'Tirunelveli']'.</msg>
<arg>${enter_source}</arg>
<doc>Click the element identified by ``locator``.</doc>
<status status="PASS" start="2025-07-18T19:06:03.254013" elapsed="1.008438"/>
</kw>
<status status="PASS" start="2025-07-18T19:06:00.324986" elapsed="3.937465"/>
</kw>
<kw name="Enter the destination" owner="homepage_keywords">
<kw name="Click Element" owner="SeleniumLibrary">
<msg time="2025-07-18T19:06:04.265065" level="INFO">Clicking element '//input[@placeholder='Going To']'.</msg>
<arg>${going_To}</arg>
<doc>Click the element identified by ``locator``.</doc>
<status status="PASS" start="2025-07-18T19:06:04.265065" elapsed="0.823986"/>
</kw>
<kw name="Input Text" owner="SeleniumLibrary">
<msg time="2025-07-18T19:06:05.091085" level="INFO">Typing text 'Coimbatore' into text field '//input[@placeholder='Going To']'.</msg>
<arg>${going_To}</arg>
<arg>${destination_city}</arg>
<doc>Types the given ``text`` into the text field identified by ``locator``.</doc>
<status status="PASS" start="2025-07-18T19:06:05.091085" elapsed="0.443779"/>
</kw>
<kw name="Wait Until Element Is Visible" owner="SeleniumLibrary">
<arg>${enter_destination}</arg>
<doc>Waits until the element ``locator`` is visible.</doc>
<status status="PASS" start="2025-07-18T19:06:05.535878" elapsed="0.614270"/>
</kw>
<kw name="Click Element" owner="SeleniumLibrary">
<msg time="2025-07-18T19:06:06.150148" level="INFO">Clicking element '//*[text()='Coimbatore']'.</msg>
<arg>${enter_destination}</arg>
<doc>Click the element identified by ``locator``.</doc>
<status status="PASS" start="2025-07-18T19:06:06.150148" elapsed="1.927220"/>
</kw>
<status status="PASS" start="2025-07-18T19:06:04.263784" elapsed="3.813584"/>
</kw>
<kw name="Click search button" owner="homepage_keywords">
<kw name="Click Element" owner="SeleniumLibrary">
<msg time="2025-07-18T19:06:08.079381" level="INFO">Clicking element '//span[text()='Search']'.</msg>
<arg>${search}</arg>
<doc>Click the element identified by ``locator``.</doc>
<status status="PASS" start="2025-07-18T19:06:08.079381" elapsed="1.420539"/>
</kw>
<kw name="Wait Until Element Is Visible" owner="SeleniumLibrary">
<arg>${sort_by}</arg>
<arg>${timeout}</arg>
<doc>Waits until the element ``locator`` is visible.</doc>
<status status="PASS" start="2025-07-18T19:06:09.501945" elapsed="2.256942"/>
</kw>
<status status="PASS" start="2025-07-18T19:06:08.077368" elapsed="3.681519"/>
</kw>
<kw name="Close the Browser" owner="homepage_keywords" type="TEARDOWN">
<kw name="Close Browser" owner="SeleniumLibrary">
<doc>Closes the current browser.</doc>
<status status="PASS" start="2025-07-18T19:06:11.760900" elapsed="14.756228"/>
</kw>
<status status="PASS" start="2025-07-18T19:06:11.758887" elapsed="14.758241"/>
</kw>
<tag>bus</tag>
<status status="PASS" start="2025-07-18T19:05:52.337477" elapsed="34.179651"/>
</test>
<status status="PASS" start="2025-07-18T19:05:51.760000" elapsed="34.180000"/>
</suite>
<suite id="s1-s2" name="Search2" source="C:\Users\MathijesiJohnbritto\PycharmProjects\demo\DIA\day05\testSuites\search2.robot">
<test id="s1-s2-t1" name="Verify user is able to search bus for today" line="8">
<kw name="Launch Browser" owner="homepage_keywords" type="SETUP">
<kw name="Open Browser" owner="SeleniumLibrary">
<msg time="2025-07-18T19:05:52.341013" level="INFO">Opening browser 'chrome' to base url 'https://www.abhibus.com'.</msg>
<arg>${url}</arg>
<arg>${browser}</arg>
<doc>Opens a new browser instance to the optional ``url``.</doc>
<status status="PASS" start="2025-07-18T19:05:52.339988" elapsed="9.678792"/>
</kw>
<kw name="Maximize Browser Window" owner="SeleniumLibrary">
<doc>Maximizes current browser window.</doc>
<status status="PASS" start="2025-07-18T19:06:02.019812" elapsed="0.171942"/>
</kw>
<status status="PASS" start="2025-07-18T19:05:52.337477" elapsed="9.854277"/>
</kw>
<kw name="Enter the source" owner="homepage_keywords">
<kw name="Wait Until Element Is Visible" owner="SeleniumLibrary">
<arg>${leave_from}</arg>
<doc>Waits until the element ``locator`` is visible.</doc>
<status status="PASS" start="2025-07-18T19:06:02.193765" elapsed="0.867408"/>
</kw>
<kw name="Click Element" owner="SeleniumLibrary">
<msg time="2025-07-18T19:06:03.061173" level="INFO">Clicking element '//input[@placeholder='Leaving From']'.</msg>
<arg>${leave_from}</arg>
<doc>Click the element identified by ``locator``.</doc>
<status status="PASS" start="2025-07-18T19:06:03.061173" elapsed="1.195453"/>
</kw>
<kw name="Input Text" owner="SeleniumLibrary">
<msg time="2025-07-18T19:06:04.256626" level="INFO">Typing text 'Tirunelveli' into text field '//input[@placeholder='Leaving From']'.</msg>
<arg>${leave_from}</arg>
<arg>${source_city}</arg>
<doc>Types the given ``text`` into the text field identified by ``locator``.</doc>
<status status="PASS" start="2025-07-18T19:06:04.256626" elapsed="0.664332"/>
</kw>
<kw name="Wait Until Element Is Visible" owner="SeleniumLibrary">
<arg>${enter_source}</arg>
<arg>${timeout}</arg>
<doc>Waits until the element ``locator`` is visible.</doc>
<status status="PASS" start="2025-07-18T19:06:04.920958" elapsed="0.635709"/>
</kw>
<kw name="Click Element" owner="SeleniumLibrary">
<msg time="2025-07-18T19:06:05.557683" level="INFO">Clicking element '//*[text()= 'Tirunelveli']'.</msg>
<arg>${enter_source}</arg>
<doc>Click the element identified by ``locator``.</doc>
<status status="PASS" start="2025-07-18T19:06:05.557683" elapsed="0.242707"/>
</kw>
<status status="PASS" start="2025-07-18T19:06:02.193765" elapsed="3.606625"/>
</kw>
<kw name="Enter the destination" owner="homepage_keywords">
<kw name="Click Element" owner="SeleniumLibrary">
<msg time="2025-07-18T19:06:05.802404" level="INFO">Clicking element '//input[@placeholder='Going To']'.</msg>
<arg>${going_To}</arg>
<doc>Click the element identified by ``locator``.</doc>
<status status="PASS" start="2025-07-18T19:06:05.802404" elapsed="0.334679"/>
</kw>
<kw name="Input Text" owner="SeleniumLibrary">
<msg time="2025-07-18T19:06:06.137083" level="INFO">Typing text 'Coimbatore' into text field '//input[@placeholder='Going To']'.</msg>
<arg>${going_To}</arg>
<arg>${destination_city}</arg>
<doc>Types the given ``text`` into the text field identified by ``locator``.</doc>
<status status="PASS" start="2025-07-18T19:06:06.137083" elapsed="0.491252"/>
</kw>
<kw name="Wait Until Element Is Visible" owner="SeleniumLibrary">
<arg>${enter_destination}</arg>
<doc>Waits until the element ``locator`` is visible.</doc>
<status status="PASS" start="2025-07-18T19:06:06.628335" elapsed="0.612675"/>
</kw>
<kw name="Click Element" owner="SeleniumLibrary">
<msg time="2025-07-18T19:06:07.243241" level="INFO">Clicking element '//*[text()='Coimbatore']'.</msg>
<arg>${enter_destination}</arg>
<doc>Click the element identified by ``locator``.</doc>
<status status="PASS" start="2025-07-18T19:06:07.243241" elapsed="0.242333"/>
</kw>
<status status="PASS" start="2025-07-18T19:06:05.800390" elapsed="1.687023"/>
</kw>
<kw name="Click Today button" owner="homepage_keywords">
<kw name="Click Element" owner="SeleniumLibrary">
<msg time="2025-07-18T19:06:07.487413" level="INFO">Clicking element '//a[text()='Today']'.</msg>
<arg>${today}</arg>
<doc>Click the element identified by ``locator``.</doc>
<status status="PASS" start="2025-07-18T19:06:07.487413" elapsed="1.318999"/>
</kw>
<kw name="Wait Until Element Is Visible" owner="SeleniumLibrary">
<arg>${sort_by}</arg>
<arg>${timeout}</arg>
<doc>Waits until the element ``locator`` is visible.</doc>
<status status="PASS" start="2025-07-18T19:06:08.806412" elapsed="7.321000"/>
</kw>
<status status="PASS" start="2025-07-18T19:06:07.487413" elapsed="8.640512"/>
</kw>
<kw name="Close the Browser" owner="homepage_keywords" type="TEARDOWN">
<kw name="Close Browser" owner="SeleniumLibrary">
<doc>Closes the current browser.</doc>
<status status="PASS" start="2025-07-18T19:06:16.129942" elapsed="10.497675"/>
</kw>
<status status="PASS" start="2025-07-18T19:06:16.127925" elapsed="10.499692"/>
</kw>
<status status="PASS" start="2025-07-18T19:05:52.337477" elapsed="34.290140"/>
</test>
<status status="PASS" start="2025-07-18T19:05:51.762575" elapsed="34.866832"/>
</suite>
<suite id="s1-s3" name="Search3" source="C:\Users\MathijesiJohnbritto\PycharmProjects\demo\DIA\day05\testSuites\search3.robot">
<test id="s1-s3-t1" name="Verify user is able to search bus for tomorrow" line="8">
<kw name="Launch Browser" owner="homepage_keywords" type="SETUP">
<kw name="Open Browser" owner="SeleniumLibrary">
<msg time="2025-07-18T19:05:52.341013" level="INFO">Opening browser 'chrome' to base url 'https://www.abhibus.com'.</msg>
<arg>${url}</arg>
<arg>${browser}</arg>
<doc>Opens a new browser instance to the optional ``url``.</doc>
<status status="PASS" start="2025-07-18T19:05:52.339988" elapsed="6.897751"/>
</kw>
<kw name="Maximize Browser Window" owner="SeleniumLibrary">
<doc>Maximizes current browser window.</doc>
<status status="PASS" start="2025-07-18T19:05:59.239761" elapsed="1.138766"/>
</kw>
<status status="PASS" start="2025-07-18T19:05:52.337477" elapsed="8.043063"/>
</kw>
<kw name="Enter the source" owner="homepage_keywords">
<kw name="Wait Until Element Is Visible" owner="SeleniumLibrary">
<arg>${leave_from}</arg>
<doc>Waits until the element ``locator`` is visible.</doc>
<status status="PASS" start="2025-07-18T19:06:00.384594" elapsed="0.515027"/>
</kw>
<kw name="Click Element" owner="SeleniumLibrary">
<msg time="2025-07-18T19:06:00.902808" level="INFO">Clicking element '//input[@placeholder='Leaving From']'.</msg>
<arg>${leave_from}</arg>
<doc>Click the element identified by ``locator``.</doc>
<status status="PASS" start="2025-07-18T19:06:00.900769" elapsed="0.612337"/>
</kw>
<kw name="Input Text" owner="SeleniumLibrary">
<msg time="2025-07-18T19:06:01.515118" level="INFO">Typing text 'Tirunelveli' into text field '//input[@placeholder='Leaving From']'.</msg>
<arg>${leave_from}</arg>
<arg>${source_city}</arg>
<doc>Types the given ``text`` into the text field identified by ``locator``.</doc>
<status status="PASS" start="2025-07-18T19:06:01.513106" elapsed="3.089281"/>
</kw>
<kw name="Wait Until Element Is Visible" owner="SeleniumLibrary">
<arg>${enter_source}</arg>
<arg>${timeout}</arg>
<doc>Waits until the element ``locator`` is visible.</doc>
<status status="PASS" start="2025-07-18T19:06:04.604413" elapsed="0.666764"/>
</kw>
<kw name="Click Element" owner="SeleniumLibrary">
<msg time="2025-07-18T19:06:05.271177" level="INFO">Clicking element '//*[text()= 'Tirunelveli']'.</msg>
<arg>${enter_source}</arg>
<doc>Click the element identified by ``locator``.</doc>
<status status="PASS" start="2025-07-18T19:06:05.271177" elapsed="0.365520"/>
</kw>
<status status="PASS" start="2025-07-18T19:06:00.380540" elapsed="5.256157"/>
</kw>
<kw name="Enter the destination" owner="homepage_keywords">
<kw name="Click Element" owner="SeleniumLibrary">
<msg time="2025-07-18T19:06:05.639810" level="INFO">Clicking element '//input[@placeholder='Going To']'.</msg>
<arg>${going_To}</arg>
<doc>Click the element identified by ``locator``.</doc>
<status status="PASS" start="2025-07-18T19:06:05.638716" elapsed="0.362907"/>
</kw>
<kw name="Input Text" owner="SeleniumLibrary">
<msg time="2025-07-18T19:06:06.004305" level="INFO">Typing text 'Coimbatore' into text field '//input[@placeholder='Going To']'.</msg>
<arg>${going_To}</arg>
<arg>${destination_city}</arg>
<doc>Types the given ``text`` into the text field identified by ``locator``.</doc>
<status status="PASS" start="2025-07-18T19:06:06.003238" elapsed="0.439158"/>
</kw>
<kw name="Wait Until Element Is Visible" owner="SeleniumLibrary">
<arg>${enter_destination}</arg>
<doc>Waits until the element ``locator`` is visible.</doc>
<status status="PASS" start="2025-07-18T19:06:06.442396" elapsed="10.285412"/>
</kw>
<kw name="Click Element" owner="SeleniumLibrary">
<msg time="2025-07-18T19:06:16.733106" level="INFO">Clicking element '//*[text()='Coimbatore']'.</msg>
<arg>${enter_destination}</arg>
<doc>Click the element identified by ``locator``.</doc>
<status status="PASS" start="2025-07-18T19:06:16.729827" elapsed="0.512920"/>
</kw>
<status status="PASS" start="2025-07-18T19:06:05.636697" elapsed="11.606050"/>
</kw>
<kw name="Click Tomorrow button" owner="homepage_keywords">
<kw name="Click Element" owner="SeleniumLibrary">
<msg time="2025-07-18T19:06:17.244774" level="INFO">Clicking element '//a[text()='Tomorrow']'.</msg>
<arg>${tomorrow}</arg>
<doc>Click the element identified by ``locator``.</doc>
<status status="PASS" start="2025-07-18T19:06:17.244774" elapsed="2.861550"/>
</kw>
<kw name="Wait Until Element Is Visible" owner="SeleniumLibrary">
<arg>${sort_by}</arg>
<arg>${timeout}</arg>
<doc>Waits until the element ``locator`` is visible.</doc>
<status status="PASS" start="2025-07-18T19:06:20.106324" elapsed="2.217834"/>
</kw>
<status status="PASS" start="2025-07-18T19:06:17.242747" elapsed="5.083427"/>
</kw>
<kw name="Close the Browser" owner="homepage_keywords" type="TEARDOWN">
<kw name="Close Browser" owner="SeleniumLibrary">
<doc>Closes the current browser.</doc>
<status status="PASS" start="2025-07-18T19:06:22.326174" elapsed="4.190954"/>
</kw>
<status status="PASS" start="2025-07-18T19:06:22.326174" elapsed="4.190954"/>
</kw>
<status status="PASS" start="2025-07-18T19:05:52.337477" elapsed="34.179651"/>
</test>
<status status="PASS" start="2025-07-18T19:05:51.767327" elapsed="34.751820"/>
</suite>
<suite id="s1-s4" name="Search4" source="C:\Users\MathijesiJohnbritto\PycharmProjects\demo\DIA\day05\testSuites\search4.robot">
<test id="s1-s4-t1" name="Verify user is able to search bus by date" line="8">
<kw name="Launch Browser" owner="homepage_keywords" type="SETUP">
<kw name="Open Browser" owner="SeleniumLibrary">
<msg time="2025-07-18T19:05:52.341013" level="INFO">Opening browser 'chrome' to base url 'https://www.abhibus.com'.</msg>
<arg>${url}</arg>
<arg>${browser}</arg>
<doc>Opens a new browser instance to the optional ``url``.</doc>
<status status="PASS" start="2025-07-18T19:05:52.341013" elapsed="9.913448"/>
</kw>
<kw name="Maximize Browser Window" owner="SeleniumLibrary">
<doc>Maximizes current browser window.</doc>
<status status="PASS" start="2025-07-18T19:06:02.254461" elapsed="1.382439"/>
</kw>
<status status="PASS" start="2025-07-18T19:05:52.339988" elapsed="11.296912"/>
</kw>
<kw name="Enter the source" owner="homepage_keywords">
<kw name="Wait Until Element Is Visible" owner="SeleniumLibrary">
<arg>${leave_from}</arg>
<doc>Waits until the element ``locator`` is visible.</doc>
<status status="PASS" start="2025-07-18T19:06:03.638416" elapsed="0.344144"/>
</kw>
<kw name="Click Element" owner="SeleniumLibrary">
<msg time="2025-07-18T19:06:03.982560" level="INFO">Clicking element '//input[@placeholder='Leaving From']'.</msg>
<arg>${leave_from}</arg>
<doc>Click the element identified by ``locator``.</doc>
<status status="PASS" start="2025-07-18T19:06:03.982560" elapsed="1.129052"/>
</kw>
<kw name="Input Text" owner="SeleniumLibrary">
<msg time="2025-07-18T19:06:05.115650" level="INFO">Typing text 'Tirunelveli' into text field '//input[@placeholder='Leaving From']'.</msg>
<arg>${leave_from}</arg>
<arg>${source_city}</arg>
<doc>Types the given ``text`` into the text field identified by ``locator``.</doc>
<status status="PASS" start="2025-07-18T19:06:05.113636" elapsed="0.479505"/>
</kw>
<kw name="Wait Until Element Is Visible" owner="SeleniumLibrary">
<arg>${enter_source}</arg>
<arg>${timeout}</arg>
<doc>Waits until the element ``locator`` is visible.</doc>
<status status="PASS" start="2025-07-18T19:06:05.593141" elapsed="1.125344"/>
</kw>
<kw name="Click Element" owner="SeleniumLibrary">
<msg time="2025-07-18T19:06:06.720498" level="INFO">Clicking element '//*[text()= 'Tirunelveli']'.</msg>
<arg>${enter_source}</arg>
<doc>Click the element identified by ``locator``.</doc>
<status status="PASS" start="2025-07-18T19:06:06.718485" elapsed="0.299712"/>
</kw>
<status status="PASS" start="2025-07-18T19:06:03.636900" elapsed="3.381297"/>
</kw>
<kw name="Enter the destination" owner="homepage_keywords">
<kw name="Click Element" owner="SeleniumLibrary">
<msg time="2025-07-18T19:06:07.021234" level="INFO">Clicking element '//input[@placeholder='Going To']'.</msg>
<arg>${going_To}</arg>
<doc>Click the element identified by ``locator``.</doc>
<status status="PASS" start="2025-07-18T19:06:07.021234" elapsed="0.464340"/>
</kw>
<kw name="Input Text" owner="SeleniumLibrary">
<msg time="2025-07-18T19:06:07.485574" level="INFO">Typing text 'Coimbatore' into text field '//input[@placeholder='Going To']'.</msg>
<arg>${going_To}</arg>
<arg>${destination_city}</arg>
<doc>Types the given ``text`` into the text field identified by ``locator``.</doc>
<status status="PASS" start="2025-07-18T19:06:07.485574" elapsed="0.442993"/>
</kw>
<kw name="Wait Until Element Is Visible" owner="SeleniumLibrary">
<arg>${enter_destination}</arg>
<doc>Waits until the element ``locator`` is visible.</doc>
<status status="PASS" start="2025-07-18T19:06:07.928567" elapsed="0.604245"/>
</kw>
<kw name="Click Element" owner="SeleniumLibrary">
<msg time="2025-07-18T19:06:08.532812" level="INFO">Clicking element '//*[text()='Coimbatore']'.</msg>
<arg>${enter_destination}</arg>
<doc>Click the element identified by ``locator``.</doc>
<status status="PASS" start="2025-07-18T19:06:08.532812" elapsed="0.387559"/>
</kw>
<status status="PASS" start="2025-07-18T19:06:07.020217" elapsed="1.900154"/>
</kw>
<kw name="Select Date" owner="homepage_keywords">
<kw name="Click Element" owner="SeleniumLibrary">
<msg time="2025-07-18T19:06:08.922385" level="INFO">Clicking element '//input[@placeholder='Onward Journey Date']'.</msg>
<arg>${onward_journey_date}</arg>
<doc>Click the element identified by ``locator``.</doc>
<status status="PASS" start="2025-07-18T19:06:08.922385" elapsed="0.485483"/>
</kw>
<kw name="Click Element" owner="SeleniumLibrary">
<msg time="2025-07-18T19:06:09.409886" level="INFO">Clicking element '//*[text()='22']'.</msg>
<arg>${date}</arg>
<doc>Click the element identified by ``locator``.</doc>
<status status="PASS" start="2025-07-18T19:06:09.407868" elapsed="1.618739"/>
</kw>
<status status="PASS" start="2025-07-18T19:06:08.922385" elapsed="2.104222"/>
</kw>
<kw name="Click search button" owner="homepage_keywords">
<kw name="Click Element" owner="SeleniumLibrary">
<msg time="2025-07-18T19:06:11.028624" level="INFO">Clicking element '//span[text()='Search']'.</msg>
<arg>${search}</arg>
<doc>Click the element identified by ``locator``.</doc>
<status status="PASS" start="2025-07-18T19:06:11.028624" elapsed="6.350313"/>
</kw>
<kw name="Wait Until Element Is Visible" owner="SeleniumLibrary">
<arg>${sort_by}</arg>
<arg>${timeout}</arg>
<doc>Waits until the element ``locator`` is visible.</doc>
<status status="PASS" start="2025-07-18T19:06:17.378937" elapsed="0.213953"/>
</kw>
<status status="PASS" start="2025-07-18T19:06:11.026607" elapsed="6.566283"/>
</kw>
<kw name="Close the Browser" owner="homepage_keywords" type="TEARDOWN">
<kw name="Close Browser" owner="SeleniumLibrary">
<doc>Closes the current browser.</doc>
<status status="PASS" start="2025-07-18T19:06:17.596581" elapsed="8.904611"/>
</kw>
<status status="PASS" start="2025-07-18T19:06:17.594908" elapsed="8.906284"/>
</kw>
<status status="PASS" start="2025-07-18T19:05:52.337477" elapsed="34.164991"/>
</test>
<status status="PASS" start="2025-07-18T19:05:51.756542" elapsed="34.745926"/>
</suite>
<doc>[https://pabot.org/?ref=log|Pabot] result from 4 executions.</doc>
<status status="PASS" start="2025-07-18T19:05:51.720000" elapsed="34.911000"/>
</suite>
<statistics>
<total>
<stat pass="4" fail="0" skip="0">All Tests</stat>
</total>
<tag>
<stat pass="1" fail="0" skip="0">bus</stat>
</tag>
<suite>
<stat pass="4" fail="0" skip="0" id="s1" name="testSuites">testSuites</stat>
<stat pass="1" fail="0" skip="0" id="s1-s1" name="Search1">testSuites.Search1</stat>
<stat pass="1" fail="0" skip="0" id="s1-s2" name="Search2">testSuites.Search2</stat>
<stat pass="1" fail="0" skip="0" id="s1-s3" name="Search3">testSuites.Search3</stat>
<stat pass="1" fail="0" skip="0" id="s1-s4" name="Search4">testSuites.Search4</stat>
</suite>
</statistics>
<errors>
</errors>
</robot>
